<?xml version="1.0" encoding="UTF-8"?>
<!-- Generated by org.testng.reporters.JUnitReportReporter -->
<testsuite skipped="0" hostname="DENNIS" name="qa.myproject.com.MyTests" tests="3" failures="0" timestamp="16 Jun 2019 08:22:22 GMT" time="35.859" errors="0">
  <testcase name="loginValid" time="15.763" classname="qa.myproject.com.MyTests"/>
  <testcase name="loginInvalid" time="9.848" classname="qa.myproject.com.MyTests"/>
  <testcase name="alerts" time="10.248" classname="qa.myproject.com.MyTests"/>
</testsuite> <!-- qa.myproject.com.MyTests -->
